[2024-02-21 16:01:39] [I] LuaSTG Sub v0.20.14
[2024-02-21 16:01:39] [I] [luastg] 初始化引擎
[2024-02-21 16:01:39] [I] [luastg] 初始化luajit引擎
[2024-02-21 16:01:39] [I] [luajit] LuaJIT 2.1.0-beta3
[2024-02-21 16:01:39] [I] [luajit] 注册标准库与内置包
[2024-02-21 16:01:39] [I] [luajit] 储存命令行参数
[2024-02-21 16:01:39] [I] [luajit] [0] C:\Users\ryann\Documents\TiNProject\game\LuaSTGSub.exe
[2024-02-21 16:01:39] [I] [luastg] 加载初始化脚本
[2024-02-21 16:01:39] [I] [luastg] 加载脚本'lib/Lapi.lua'
[2024-02-21 16:01:39] [I] [luastg] 加载脚本'lib/Lkeycode.lua'
[2024-02-21 16:01:39] [I] [luastg] 加载脚本'lib/Luserdata.lua'
[2024-02-21 16:01:39] [I] [luastg] 加载脚本'lib/Lsetting.lua'
[2024-02-21 16:01:39] [I] [luastg] 加载脚本'launch'
[2024-02-21 16:01:39] [I] [core] System Windows 10 22H2
[2024-02-21 16:01:39] [I] [core] Kernel NT OS Kernel 10.0.19041.3930 Kernel32 10.0.19041.3636
[2024-02-21 16:01:39] [I] [core] CPU GenuineIntel Intel(R) Core(TM) i3-9100F CPU @ 3.60GHz
[2024-02-21 16:01:39] [I] [core] High Resolution Waitable Timer available, enable SteadyFrameRateController
[2024-02-21 16:01:39] [I] [core] 系统内存使用情况：
    使用百分比：50%
    总物理内存：15.95 GiB
    剩余物理内存：7.83 GiB
    当前进程可提交内存限制：27.95 GiB
    当前进程剩余的可提交内存：12.56 GiB
    当前进程用户模式内存空间限制*1：131072.00 GiB
    当前进程剩余的用户模式内存空间：131067.86 GiB
        *1 此项反映此程序实际上能用的最大内存，在 32 位应用程序上此项一般为 2 GB，修改 Windows 操作系统注册表后可能为 1 到 3 GB
[2024-02-21 16:01:39] [I] [core] 开始创建图形组件
[2024-02-21 16:01:39] [I] [core] 开始创建基本 DXGI 组件
[2024-02-21 16:01:39] [I] [core] DXGI 组件功能支持：
    立即刷新：支持
[2024-02-21 16:01:39] [I] [core] 枚举所有图形设备
[2024-02-21 16:01:39] [I] [core] 图形设备[0]：
    设备名称：Radeon RX550/550 Series
    Direct3D 功能级别：12.0
    设备类型：硬件设备
    专用显存：3.98 GiB
    专用内存：0 B
    共享内存：7.97 GiB
    供应商 ID：0x00001002
    设备 ID：0x0000699F
    子系统 ID：0x0B041002
    修订号：0x000000C7
    设备 LUID：00000000-0000C930
[2024-02-21 16:01:39] [I] [core] 图形设备[0] - 显示输出设备[0]：
    连接状态：已连接
    显示区域：(0, 0) (1920 x 1080)
    旋转：无
    硬件表面合成：全屏、鼠标指针缩放
[2024-02-21 16:01:39] [I] [core] 图形设备[0] - 显示输出设备[1]：
    连接状态：已连接
    显示区域：(1920, 174) (1440 x 900)
    旋转：无
    硬件表面合成：全屏、鼠标指针缩放
[2024-02-21 16:01:39] [I] [core] 图形设备[1]：
    设备名称：Microsoft Basic Render Driver
    Direct3D 功能级别：12.1
    设备类型：软件设备（警告：软件或远程设备性能不足流畅运行程序）
    专用显存：0 B
    专用内存：0 B
    共享内存：7.97 GiB
    供应商 ID：0x00001414
    设备 ID：0x0000008C
    子系统 ID：0x00000000
    修订号：0x00000000
    设备 LUID：00000000-0000DAE5
[2024-02-21 16:01:39] [I] [core] 已选择图形设备：Radeon RX550/550 Series
[2024-02-21 16:01:39] [I] [core] 已创建基本 DXGI 组件
[2024-02-21 16:01:39] [I] [core] 开始创建基本 Direct3D 11 组件
[2024-02-21 16:01:39] [I] [core] Direct3D 11 设备功能支持：
    Direct3D 功能级别：12.0
    R8G8B8A8 格式：
        用于顶点缓冲区：支持
        创建二维纹理：支持
        创建立方体纹理：支持
        着色器采样：支持
        创建多级渐进纹理：支持
        自动生成多级渐进纹理：支持
        绑定为渲染目标：支持
        像素颜色混合操作：支持
        绑定为深度、模板缓冲区：不支持
        被 CPU 锁定、读取：支持
        解析多重采样：支持
        用于显示输出：支持
        创建多重采样渲染目标：支持
        像素颜色逻辑混合操作：不支持
        资源可分块：支持
        资源可共享：支持
        多平面叠加：不支持
    R8G8B8A8 sRGB 格式：
        用于顶点缓冲区：不支持
        创建二维纹理：支持
        创建立方体纹理：支持
        着色器采样：支持
        创建多级渐进纹理：支持
        自动生成多级渐进纹理：支持
        绑定为渲染目标：支持
        像素颜色混合操作：支持
        绑定为深度、模板缓冲区：不支持
        被 CPU 锁定、读取：支持
        解析多重采样：支持
        用于显示输出：支持
        创建多重采样渲染目标：支持
        像素颜色逻辑混合操作：不支持
        资源可分块：支持
        资源可共享：支持
        多平面叠加：不支持
    B8G8R8A8 格式：
        用于顶点缓冲区：支持
        创建二维纹理：支持
        创建立方体纹理：支持
        着色器采样：支持
        创建多级渐进纹理：支持
        自动生成多级渐进纹理：支持
        绑定为渲染目标：支持
        像素颜色混合操作：支持
        绑定为深度、模板缓冲区：不支持
        被 CPU 锁定、读取：支持
        解析多重采样：支持
        用于显示输出：支持
        创建多重采样渲染目标：支持
        像素颜色逻辑混合操作：不支持
        资源可分块：支持
        资源可共享：支持
        多平面叠加：不支持
    B8G8R8A8 sRGB 格式：
        用于顶点缓冲区：不支持
        创建二维纹理：支持
        创建立方体纹理：支持
        着色器采样：支持
        创建多级渐进纹理：支持
        自动生成多级渐进纹理：支持
        绑定为渲染目标：支持
        像素颜色混合操作：支持
        绑定为深度、模板缓冲区：不支持
        被 CPU 锁定、读取：支持
        解析多重采样：支持
        用于显示输出：支持
        创建多重采样渲染目标：支持
        像素颜色逻辑混合操作：不支持
        资源可分块：支持
        资源可共享：支持
        多平面叠加：不支持
    D24 S8 格式：
        用于顶点缓冲区：不支持
        创建二维纹理：支持
        创建立方体纹理：支持
        着色器采样：不支持
        创建多级渐进纹理：支持
        自动生成多级渐进纹理：不支持
        绑定为渲染目标：不支持
        像素颜色混合操作：不支持
        绑定为深度、模板缓冲区：支持
        被 CPU 锁定、读取：支持
        解析多重采样：不支持
        用于显示输出：不支持
        创建多重采样渲染目标：支持
        像素颜色逻辑混合操作：不支持
        资源可分块：不支持
        资源可共享：不支持
        多平面叠加：不支持
    最大二维纹理尺寸：16384x16384
    多线程架构：异步资源创建
    渲染架构：Immediate Mode Rendering (IMR)
    统一内存架构（UMA）：不支持
[2024-02-21 16:01:39] [I] [core] 图形设备[0] - 显示输出设备[0]：
    连接状态：已连接
    显示区域：(0, 0) (1920 x 1080)
    旋转：无
    多平面叠加：不支持
    多平面叠加功能：无
    硬件表面合成：全屏、鼠标指针缩放
[2024-02-21 16:01:39] [I] [core] 图形设备[0] - 显示输出设备[1]：
    连接状态：已连接
    显示区域：(1920, 174) (1440 x 900)
    旋转：无
    多平面叠加：不支持
    多平面叠加功能：无
    硬件表面合成：全屏、鼠标指针缩放
[2024-02-21 16:01:39] [I] [core] 已创建基本 Direct3D 11 组件
[2024-02-21 16:01:39] [I] [core] 已创建图形组件
[2024-02-21 16:01:39] [I] [core] Graphics Device: Radeon RX550/550 Series
    Direct Flip Support: true
    Independent Flip Support: true
    Present Allow Tearing: true
[2024-02-21 16:01:39] [I] [core] 开始创建渲染器
[2024-02-21 16:01:39] [I] [core] 已创建渲染器
[2024-02-21 16:01:39] [I] [luastg] 初始化对象池，容量32768
[2024-02-21 16:01:39] [I] [luastg] 成功创建了 0 个控制器
[2024-02-21 16:01:39] [I] [core] Display Output: Radeon RX550/550 Series -> \\.\DISPLAY1
    Overlays Support: false
    Multi Plane Overlay:
        Support: true
        Max Planes: 1
        Max RGB Planes: 1
        Max YUV Planes: 0
        Overlay Capabilities:
            Rotation: false
            Rotation Without Independent Flip: false
            Vertical Flip: false
            Horizontal Flip: false
            Stretch RGB: true
            Stretch YUV: false
            Bilinear Filter: false
            High Filter: false
            Shared: false
            Immediate: true
            Plane 0 For Virtual Mode Only: false
            Version 3 DDI Support: true
        Max Stretch Factor: 1.00x
        Max Shrink Factor: 1.00x
    Hardware Composition:
        Fullscreen: true
        Windowed: false
        Cursor Stretched: true
[2024-02-21 16:01:39] [I] [core] 开始创建 SwapChain
[2024-02-21 16:01:39] [I] [core] 已创建 SwapChain：
    显示模式：1728x972@桌面刷新率
    独占全屏：禁用
    交换链模式：快速交换模式
    立即刷新：启用
    低延迟呈现：启用
[2024-02-21 16:01:39] [I] [luastg] 显示模式切换成功：窗口 -> 窗口
[2024-02-21 16:01:39] [I] [luastg] 加载入口点脚本
[2024-02-21 16:01:39] [I] [luastg] 加载脚本'gconfig.lua'
[2024-02-21 16:01:39] [I] [luastg] 加载脚本'lib/Llog.lua'
[2024-02-21 16:01:39] [I] [luastg] 加载脚本'lib/Lglobal.lua'
[2024-02-21 16:01:39] [I] [luastg] 加载脚本'lib/Lmath.lua'
[2024-02-21 16:01:39] [I] [luastg] 加载脚本'plus/plus.lua'
[2024-02-21 16:01:39] [I] [luastg] 加载脚本'plus/Utility.lua'
[2024-02-21 16:01:39] [I] [luastg] 加载脚本'plus/NativeAPI.lua'
[2024-02-21 16:01:39] [I] [luastg] 加载脚本'plus/IO.lua'
[2024-02-21 16:01:39] [I] [luastg] 加载脚本'plus/Replay.lua'
[2024-02-21 16:01:39] [I] [luastg] 加载脚本'lib/Lobject.lua'
[2024-02-21 16:01:39] [I] [luastg] 加载脚本'lib/Lresources.lua'
[2024-02-21 16:01:39] [I] [luastg] 加载脚本'lib/Lscreen.lua'
[2024-02-21 16:01:39] [I] [luastg] CreateRenderTarget: 已创建渲染目标和深度缓冲区 'rt:screen-white' (64x64) (global)
[2024-02-21 16:01:39] [I] [luastg] CreateSprite: 已从纹理 'rt:screen-white' 创建图片精灵 'img:screen-white' (global)
[2024-02-21 16:01:39] [I] [luastg] 加载脚本'lib/Linput.lua'
[2024-02-21 16:01:39] [I] [luastg] 加载脚本'lib/Ltask.lua'
[2024-02-21 16:01:39] [I] [luastg] 加载脚本'lib/Lstage.lua'
[2024-02-21 16:01:39] [I] [luastg] 已清空资源池 'stage'
[2024-02-21 16:01:39] [I] [luastg] 加载脚本'lib/Ltext.lua'
[2024-02-21 16:01:39] [I] [luastg] 加载脚本'lib/Lplugin.lua'
[2024-02-21 16:01:39] [I] [lua] add scene 'DefaultScene' to scene manager
[2024-02-21 16:01:39] [I] [lua] next scene: DefaultScene
[2024-02-21 16:01:39] [I] [luastg] 加载脚本'core.lua'
[2024-02-21 16:01:39] [I] [luastg] 初始化完成
[2024-02-21 16:01:39] [I] [luastg] 开始更新&渲染循环
[2024-02-21 16:01:39] [I] [luastg] 加载脚本'launcher.lua'
[2024-02-21 16:01:39] [I] [luastg] 读取文本文件'packages/thlib/assets/lang/en_us/metadata.json'
[2024-02-21 16:01:39] [I] [luastg] 读取文本文件'packages/thlib/assets/lang/en_us/launcher.json'
[2024-02-21 16:01:39] [I] [luastg] 读取文本文件'packages/thlib/assets/lang/zh_cn/metadata.json'
[2024-02-21 16:01:39] [I] [luastg] 读取文本文件'packages/thlib/assets/lang/zh_cn/launcher.json'
[2024-02-21 16:01:39] [I] [luastg] 加载脚本'lib/ui.lua'
[2024-02-21 16:01:39] [I] [lua] add scene 'LauncherScene' to scene manager
[2024-02-21 16:01:39] [I] [lua] next scene: LauncherScene
[2024-02-21 16:01:39] [I] [lua] add scene 'LauncherLoadingScene' to scene manager
[2024-02-21 16:01:39] [I] [lua] data storage file 'userdata/save/launcher/User.json' not exist
[2024-02-21 16:01:39] [I] [lua] false	true
[2024-02-21 16:01:39] [I] [luastg] 显示模式切换成功：窗口 -> 窗口
[2024-02-21 16:01:39] [E] [lua] trap for windowed
[2024-02-21 16:01:39] [I] [luastg] LoadTTFFont: 已从 'assets/font/SourceHanSansCN-Bold.otf' 加载矢量字体 'ttf:menu-font' (stage)
[2024-02-21 16:01:39] [I] [luastg] CreateRenderTarget: 已创建渲染目标和深度缓冲区 'rt:menu-white' (64x64) (stage)
[2024-02-21 16:01:39] [I] [luastg] CreateSprite: 已从纹理 'rt:menu-white' 创建图片精灵 'img:menu-white' (stage)
[2024-02-21 16:01:39] [E] [core] AudioPlayer_XAUDIO2::AudioPlayer_XAUDIO2 (5) 调用失败
[2024-02-21 16:01:39] [I] [luastg] LoadSoundEffect: 已从 'THlib/se/se_select00.wav' 加载音效 'se:menu-select' (stage)
[2024-02-21 16:01:39] [E] [core] AudioPlayer_XAUDIO2::AudioPlayer_XAUDIO2 (5) 调用失败
[2024-02-21 16:01:39] [I] [luastg] LoadSoundEffect: 已从 'THlib/se/se_ok00.wav' 加载音效 'se:menu-confirm' (stage)
[2024-02-21 16:01:39] [E] [core] AudioPlayer_XAUDIO2::AudioPlayer_XAUDIO2 (5) 调用失败
[2024-02-21 16:01:39] [I] [luastg] LoadSoundEffect: 已从 'THlib/se/se_cancel00.wav' 加载音效 'se:menu-cancel' (stage)
[2024-02-21 16:01:48] [I] [lua] true	false
[2024-02-21 16:01:48] [I] [luastg] 显示模式切换成功：窗口 -> 全屏
[2024-02-21 16:01:48] [E] [lua] trap for borderless
[2024-02-21 16:01:56] [I] [lua] false	true
[2024-02-21 16:01:56] [I] [luastg] 显示模式切换成功：全屏 -> 窗口
[2024-02-21 16:01:56] [E] [lua] trap for windowed
[2024-02-21 16:02:27] [I] [luastg] 结束更新&渲染循环
[2024-02-21 16:02:27] [I] [luastg] 清空对象池
[2024-02-21 16:02:27] [I] [luastg] 关闭luajit引擎
[2024-02-21 16:02:27] [I] [luastg] 已清空资源池 'global'
[2024-02-21 16:02:27] [I] [luastg] 已清空资源池 'stage'
[2024-02-21 16:02:27] [I] [luastg] 清空所有游戏资源
[2024-02-21 16:02:27] [I] [luastg] 卸载所有资源包
[2024-02-21 16:02:27] [I] [luastg] 引擎关闭
